<?xml version="1.0" encoding="UTF-8"?>
<testng-results ignored="0" total="1" passed="1" failed="0" skipped="0">
  <reporter-output>
  </reporter-output>
  <suite started-at="2022-08-26T17:56:51 IST" name="Default suite" finished-at="2022-08-26T17:56:57 IST" duration-ms="6214">
    <groups>
    </groups>
    <test started-at="2022-08-26T17:56:51 IST" name="Default test" finished-at="2022-08-26T17:56:57 IST" duration-ms="6214">
      <class name="Testcases.Loginapplication">
        <test-method signature="login()[pri:0, instance:Testcases.Loginapplication@7e5afaa6]" started-at="2022-08-26T17:56:51 IST" name="login" finished-at="2022-08-26T17:56:57 IST" duration-ms="6188" status="PASS">
          <reporter-output>
          </reporter-output>
        </test-method> <!-- login -->
      </class> <!-- Testcases.Loginapplication -->
    </test> <!-- Default test -->
  </suite> <!-- Default suite -->
</testng-results>
